build/app/outputs/mapping/release/seeds.txt
com.absolute.habits.MainActivity: MainActivity()
com.absolute.habits.MainActivity
...
com.google.android.gms.internal.firebase-auth-api.zzez
com.google.android.gms.internal.firebase-auth-api.zzff: com.google.android.gms.internal.firebase-auth-api.zzff zzb
com.dexterous.flutterlocalnotifications.models.NotificationChannelDetails: com.dexterous.flutterlocalnotifications.SoundSource soundSource
androidx.work.impl.WorkDatabase_Impl
com.google.android.gms.internal.firebase-auth-api.zzir: com.google.android.gms.internal.firebase-auth-api.zzaab zzf
io.flutter.embedding.engine.FlutterJNI: void nativeSetAccessibilityFeatures(long,int)
com.google.common.collect.Maps$EntryFunction: com.google.common.collect.Maps$EntryFunction valueOf(java.lang.String)
com.dexterous.flutterlocalnotifications.models.PersonDetails: java.lang.String name
androidx.media.AudioAttributesImplApi21: AudioAttributesImplApi21()
io.flutter.embedding.engine.systemchannels.PlatformChannel$HapticFeedbackType: io.flutter.embedding.engine.systemchannels.PlatformChannel$HapticFeedbackType[] values()
com.google.android.gms.internal.firebase-auth-api.zzwq: android.os.Parcelable$Creator CREATOR
com.google.android.gms.internal.firebase-auth-api.zznu: android.os.Parcelable$Creator CREATOR
androidx.media.AudioAttributesCompat
androidx.lifecycle.Lifecycle$Event: androidx.lifecycle.Lifecycle$Event valueOf(java.lang.String)
com.dexterous.flutterlocalnotifications.utils.BooleanUtils
com.dexterous.flutterlocalnotifications.models.NotificationDetails: java.lang.String TIMEOUT_AFTER
com.google.android.gms.internal.firebase-auth-api.zzmw: android.os.Parcelable$Creator CREATOR
androidx.core.graphics.drawable.IconCompatParcelizer: IconCompatParcelizer()
io.flutter.embedding.engine.FlutterJNI: long performNativeAttach(io.flutter.embedding.engine.FlutterJNI,boolean)
io.flutter.plugins.firebase.core.FlutterFirebaseCoreRegistrar: FlutterFirebaseCoreRegistrar()
com.google.android.exoplayer2.source.smoothstreaming.SsMediaSource$Factory: SsMediaSource$Factory(com.google.android.exoplayer2.upstream.DataSource$Factory)
org.threeten.bp.Year
io.flutter.embedding.android.FlutterSplashView$SavedState: java.lang.String access$600(io.flutter.embedding.android.FlutterSplashView$SavedState)
com.google.firebase.components.ComponentDiscoveryService: ComponentDiscoveryService()
androidx.media.AudioAttributesImplBase: AudioAttributesImplBase()
org.threeten.bp.temporal.ChronoField: org.threeten.bp.temporal.ChronoField valueOf(java.lang.String)
io.flutter.plugin.editing.ImeSyncDeferringInsetsCallback: android.view.WindowInsetsAnimation$Callback getAnimationCallback()
com.google.android.gms.internal.firebase-auth-api.zzha: com.google.android.gms.internal.firebase-auth-api.zzhj zze
io.flutter.embedding.engine.systemchannels.TextInputChannel$TextInputType: io.flutter.embedding.engine.systemchannels.TextInputChannel$TextInputType valueOf(java.lang.String)
com.dexterous.flutterlocalnotifications.FlutterLocalNotificationsPlugin: void initAndroidThreeTen(android.content.Context)
com.dexterous.flutterlocalnotifications.models.NotificationDetails: java.lang.String CALLED_AT
io.flutter.embedding.engine.FlutterJNI: void attachToNative(boolean)
com.dexterous.flutterlocalnotifications.NotificationStyle: com.dexterous.flutterlocalnotifications.NotificationStyle valueOf(java.lang.String)
io.flutter.plugin.editing.ImeSyncDeferringInsetsCallback: boolean animating
com.google.android.exoplayer2.upstream.RawResourceDataSource: android.net.Uri buildRawResourceUri(int)
org.threeten.bp.chrono.HijrahDate: java.lang.Object readResolve()
com.dexterous.flutterlocalnotifications.FlutterLocalNotificationsPlugin: void createNotificationChannel(io.flutter.plugin.common.MethodCall,io.flutter.plugin.common.MethodChannel$Result)
android.support.v4.media.session.MediaControllerCompat$MediaControllerImplApi21$ExtraBinderRequestResultReceiver
com.google.android.gms.common.internal.zza: android.os.Parcelable$Creator CREATOR
com.dexterous.flutterlocalnotifications.models.NotificationChannelGroupDetails