build/app/outputs/mapping/release/mapping.txt
# compiler: R8
# compiler_version: 2.1.86
# min_api: 21
# pg_map_id: 2c8394e
# common_typos_disable
...
androidx.loader.content.Loader$OnLoadCompleteListener -> b.f.b.b$b:
    void onLoadComplete(androidx.loader.content.Loader,java.lang.Object) -> a
androidx.loader.content.ModernAsyncTask -> b.f.b.c:
    androidx.loader.content.ModernAsyncTask$WorkerRunnable mWorker -> c
    androidx.loader.content.ModernAsyncTask$Status mStatus -> e
    java.util.concurrent.atomic.AtomicBoolean mTaskInvoked -> g
    java.util.concurrent.BlockingQueue sPoolWorkQueue -> i
    java.util.concurrent.atomic.AtomicBoolean mCancelled -> f
    java.util.concurrent.ThreadFactory sThreadFactory -> h
    androidx.loader.content.ModernAsyncTask$InternalHandler sHandler -> k
    java.util.concurrent.FutureTask mFuture -> d
    java.util.concurrent.Executor THREAD_POOL_EXECUTOR -> j
    boolean cancel(boolean) -> a
    java.lang.Object doInBackground(java.lang.Object[]) -> b
    androidx.loader.content.ModernAsyncTask executeOnExecutor(java.util.concurrent.Executor,java.lang.Object[]) -> c
    void finish(java.lang.Object) -> d
    android.os.Handler getHandler() -> e
    boolean isCancelled() -> f
    void onCancelled() -> g
    void onCancelled(java.lang.Object) -> h
    void onPostExecute(java.lang.Object) -> i
    void onPreExecute() -> j
    void onProgressUpdate(java.lang.Object[]) -> k
    java.lang.Object postResult(java.lang.Object) -> l
    void postResultIfNotInvoked(java.lang.Object) -> m
androidx.loader.content.ModernAsyncTask$1 -> b.f.b.c$a:
    java.util.concurrent.atomic.AtomicInteger mCount -> a
androidx.loader.content.ModernAsyncTask$2 -> b.f.b.c$b:
    androidx.loader.content.ModernAsyncTask this$0 -> b
androidx.loader.content.ModernAsyncTask$3 -> b.f.b.c$c:
    androidx.loader.content.ModernAsyncTask this$0 -> c
androidx.loader.content.ModernAsyncTask$4 -> b.f.b.c$d:
    int[] $SwitchMap$androidx$loader$content$ModernAsyncTask$Status -> a
androidx.loader.content.ModernAsyncTask$AsyncTaskResult -> b.f.b.c$e:
    java.lang.Object[] mData -> b
    androidx.loader.content.ModernAsyncTask mTask -> a
androidx.loader.content.ModernAsyncTask$InternalHandler -> b.f.b.c$f:
androidx.loader.content.ModernAsyncTask$Status -> b.f.b.c$g:
    androidx.loader.content.ModernAsyncTask$Status RUNNING -> d
    androidx.loader.content.ModernAsyncTask$Status FINISHED -> e
    androidx.loader.content.ModernAsyncTask$Status PENDING -> c
    androidx.loader.content.ModernAsyncTask$Status[] $VALUES -> f
androidx.loader.content.ModernAsyncTask$WorkerRunnable -> b.f.b.c$h:
    java.lang.Object[] mParams -> a
androidx.localbroadcastmanager.content.LocalBroadcastManager -> b.g.a.a:
    android.content.Context mAppContext -> a
    android.os.Handler mHandler -> e
    androidx.localbroadcastmanager.content.LocalBroadcastManager mInstance -> g
    java.lang.Object mLock -> f
    java.util.HashMap mReceivers -> b
    java.util.ArrayList mPendingBroadcasts -> d
    java.util.HashMap mActions -> c
    void executePendingBroadcasts() -> a
    androidx.localbroadcastmanager.content.LocalBroadcastManager getInstance(android.content.Context) -> b
    void registerReceiver(android.content.BroadcastReceiver,android.content.IntentFilter) -> c
    boolean sendBroadcast(android.content.Intent) -> d
    void unregisterReceiver(android.content.BroadcastReceiver) -> e
androidx.localbroadcastmanager.content.LocalBroadcastManager$1 -> b.g.a.a$a:
    androidx.localbroadcastmanager.content.LocalBroadcastManager this$0 -> a
androidx.localbroadcastmanager.content.LocalBroadcastManager$BroadcastRecord -> b.g.a.a$b:
    android.content.Intent intent -> a
    java.util.ArrayList receivers -> b
androidx.localbroadcastmanager.content.LocalBroadcastManager$ReceiverRecord -> b.g.a.a$c:
    android.content.IntentFilter filter -> a
    android.content.BroadcastReceiver receiver -> b
    boolean broadcasting -> c
    boolean dead -> d