build/app/outputs/mapping/release/usage.txt
com.absolute.habits.R$dimen
com.absolute.habits.R$style
com.absolute.habits.R$color
com.absolute.habits.R$string
com.absolute.habits.R$layout
com.absolute.habits.R$mipmap
com.absolute.habits.BuildConfig
com.absolute.habits.R$integer
com.absolute.habits.R$bool
com.absolute.habits.R$id
com.absolute.habits.R$attr
com.absolute.habits.R$styleable
com.absolute.habits.R
com.absolute.habits.R$xml
com.absolute.habits.R$drawable
...
com.google.common.primitives.Longs$LexicographicalComparator
com.google.common.cache.LocalCache$Strength$1
com.google.common.collect.Multimaps$CustomSetMultimap
com.google.common.collect.TreeRangeSet$RangesByUpperBound$2
kotlin.ranges.RangesKt__RangesKt:
    public static final kotlin.ranges.ClosedRange rangeTo(java.lang.Comparable,java.lang.Comparable)
    public static final kotlin.ranges.ClosedFloatingPointRange rangeTo(double,double)
    public static final kotlin.ranges.ClosedFloatingPointRange rangeTo(float,float)
    private static final boolean contains(java.lang.Iterable,java.lang.Object)
    public static final void checkStepIsPositive(boolean,java.lang.Number)
    public void <init>()
com.google.common.collect.StandardTable$Row
androidx.core.util.Predicate
com.google.common.collect.ImmutableRangeSet$AsSetSerializedForm
com.google.common.escape.package-info
com.google.android.gms.common.api.GoogleApiClient$ConnectionCallbacks:
    public static final int CAUSE_SERVICE_DISCONNECTED
    public static final int CAUSE_NETWORK_LOST
com.google.android.exoplayer2.source.CompositeMediaSource:
    public void maybeThrowSourceInfoRefreshError()
    protected final void enableChildSource(java.lang.Object)
    protected final void disableChildSource(java.lang.Object)
    protected final void releaseChildSource(java.lang.Object)
com.google.android.gms.internal.firebase-auth-api.zzjl:
    static void <clinit>()
    static final synthetic int[] zza
androidx.core.os.ParcelableCompat
com.google.common.util.concurrent.FuturesGetChecked$GetCheckedTypeValidatorHolder
kotlin.jvm.internal.PrimitiveSpreadBuilder
kotlin.collections.CollectionsKt__CollectionsJVMKt:
    private static final java.util.List buildListInternal(kotlin.jvm.functions.Function1)
    private static final java.util.List buildListInternal(int,kotlin.jvm.functions.Function1)
    public static final java.util.List createListBuilder()
    public static final java.util.List createListBuilder(int)
    public static final java.util.List build(java.util.List)
    private static final java.util.List toList(java.util.Enumeration)
    public static final java.util.List shuffled(java.lang.Iterable)
    public static final java.util.List shuffled(java.lang.Iterable,java.util.Random)
    private static final java.lang.Object[] copyToArrayImpl(java.util.Collection)
    private static final java.lang.Object[] copyToArrayImpl(java.util.Collection,java.lang.Object[])
    public static final java.lang.Object[] copyToArrayOfAny(java.lang.Object[],boolean)
    private static final int checkIndexOverflow(int)
    private static final int checkCountOverflow(int)
    public void <init>()
com.google.common.cache.RemovalCause
com.google.android.gms.common.internal.service.Common:
    public void <init>()
com.google.common.collect.EnumHashBiMap
androidx.core.os.BuildCompat
androidx.work.impl.utils.futures.package-info
com.google.android.exoplayer2.drm.UnsupportedDrmException:
    public static final int REASON_UNSUPPORTED_SCHEME
    public static final int REASON_INSTANTIATION_ERROR
org.threeten.bp.Ser:
    private static final long serialVersionUID
    static final byte DURATION_TYPE
    static final byte INSTANT_TYPE
    static final byte LOCAL_DATE_TYPE
    static final byte LOCAL_DATE_TIME_TYPE
    static final byte LOCAL_TIME_TYPE
    static final byte ZONED_DATE_TIME_TYPE
    static final byte ZONE_REGION_TYPE
    static final byte ZONE_OFFSET_TYPE
    static final byte MONTH_DAY_TYPE
    static final byte OFFSET_TIME_TYPE
    static final byte YEAR_TYPE
    static final byte YEAR_MONTH_TYPE
    static final byte OFFSET_DATE_TIME_TYPE
com.google.common.graph.Traverser$TreeTraverser$BreadthFirstIterator
androidx.core.app.ActivityCompat$OnRequestPermissionsResultCallback
com.google.android.exoplayer2.analytics.PlaybackStats$EventTimeAndPlaybackState
com.google.common.collect.MutableClassToInstanceMap$1
io.flutter.plugins.firebase.auth.R$attr
androidx.fragment.app.Fragment$SavedState$1